<?xml version="1.0" encoding="UTF-8"?>
<testsuite xmlns:xsi="http://www.w3.org/2001/XMLSchema-instance" xsi:noNamespaceSchemaLocation="https://maven.apache.org/surefire/maven-surefire-plugin/xsd/surefire-test-report.xsd" version="3.0.2" name="com.itcao.volunteer_back_system.VolunteerBackSystemApplicationTests" time="3.078" tests="1" errors="0" skipped="0" failures="0">
  <properties>
[...]
</properties>
  <testcase name="contextLoads" classname="com.itcao.volunteer_back_system.VolunteerBackSystemApplicationTests" time="0.641">
    <system-out><![CDATA[16:15:40.633 [main] INFO org.springframework.test.context.support.AnnotationConfigContextLoaderUtils -- Could not detect default configuration classes for test class [com.itcao.volunteer_back_system.VolunteerBackSystemApplicationTests]: VolunteerBackSystemApplicationTests does not declare any static, non-private, non-final, nested classes annotated with @Configuration.
16:15:40.712 [main] INFO org.springframework.boot.test.context.SpringBootTestContextBootstrapper -- Found @SpringBootConfiguration com.itcao.volunteer_back_system.VolunteerBackSystemApplication for test class com.itcao.volunteer_back_system.VolunteerBackSystemApplicationTests

  .   ____          _            __ _ _
 /\\ / ___'_ __ _ _(_)_ __  __ _ \ \ \ \
( ( )\___ | '_ | '_| | '_ \/ _` | \ \ \ \
 \\/  ___)| |_)| | | | | || (_| |  ) ) ) )
  '  |____| .__|_| |_|_| |_\__, | / / / /
 =========|_|==============|___/=/_/_/_/

 :: Spring Boot ::                (v3.4.7)

2025-06-20T16:15:41.016+08:00  INFO 10916 --- [volunteer_back_system] [           main] .i.v.VolunteerBackSystemApplicationTests : Starting VolunteerBackSystemApplicationTests using Java 17.0.12 with PID 10916 (started by admin in D:\code\IDEA\volunteer_back_system)
2025-06-20T16:15:41.017+08:00  INFO 10916 --- [volunteer_back_system] [           main] .i.v.VolunteerBackSystemApplicationTests : No active profile set, falling back to 1 default profile: "default"
Logging initialized using 'class org.apache.ibatis.logging.stdout.StdOutImpl' adapter.
2025-06-20T16:15:42.846+08:00  INFO 10916 --- [volunteer_back_system] [           main] o.s.b.a.e.web.EndpointLinksResolver      : Exposing 1 endpoint beneath base path '/actuator'
2025-06-20T16:15:42.907+08:00  INFO 10916 --- [volunteer_back_system] [           main] .i.v.VolunteerBackSystemApplicationTests : Started VolunteerBackSystemApplicationTests in 2.077 seconds (process running for 2.728)
]]></system-out>
  </testcase>
</testsuite>